{"C:\\Users\\HOKUSYS-WS-103\\Desktop\\社内業務\\自己学習\\Express\\express_ts_boilerplate\\standardPractices.ts": {"path":"C:\\Users\\HOKUSYS-WS-103\\Desktop\\社内業務\\自己学習\\Express\\express_ts_boilerplate\\standardPractices.ts","statementMap":{"0":{"start":{"line":3,"column":4},"end":{"line":3,"column":32}},"1":{"start":{"line":2,"column":0},"end":{"line":2,"column":16}},"2":{"start":{"line":7,"column":2},"end":{"line":7,"column":15}},"3":{"start":{"line":11,"column":6},"end":{"line":11,"column":33}},"4":{"start":{"line":14,"column":4},"end":{"line":16,"column":null}},"5":{"start":{"line":15,"column":6},"end":{"line":15,"column":39}},"6":{"start":{"line":17,"column":2},"end":{"line":17,"column":null}},"7":{"start":{"line":7,"column":15},"end":{"line":7,"column":19}},"8":{"start":{"line":20,"column":4},"end":{"line":20,"column":32}},"9":{"start":{"line":19,"column":2},"end":{"line":19,"column":24}}},"fnMap":{"0":{"name":"addCalcFun","decl":{"start":{"line":2,"column":16},"end":{"line":2,"column":26}},"loc":{"start":{"line":2,"column":62},"end":{"line":4,"column":3}}},"1":{"name":"(anonymous_14)","decl":{"start":{"line":7,"column":2},"end":{"line":7,"column":15}},"loc":{"start":{"line":7,"column":2},"end":{"line":17,"column":null}}},"2":{"name":"Calc","decl":{"start":{"line":10,"column":4},"end":{"line":10,"column":16}},"loc":{"start":{"line":10,"column":33},"end":{"line":12,"column":5}}},"3":{"name":"(anonymous_16)","decl":{"start":{"line":14,"column":4},"end":{"line":14,"column":7}},"loc":{"start":{"line":14,"column":24},"end":{"line":16,"column":5}}},"4":{"name":"addCalcAsyncFun","decl":{"start":{"line":19,"column":24},"end":{"line":19,"column":39}},"loc":{"start":{"line":19,"column":75},"end":{"line":21,"column":null}}}},"branchMap":{},"s":{"0":1,"1":1,"2":1,"3":0,"4":1,"5":0,"6":1,"7":1,"8":3,"9":1},"f":{"0":1,"1":1,"2":0,"3":0,"4":3},"b":{}}
}
